<?xml version="1.0" encoding="UTF-8"?>
<!-- Generated by org.testng.reporters.JUnitReportReporter -->
<testsuite hostname="Amans-SFIN899" failures="0" tests="1" name="users.AddNewUserHiring" time="309.446" errors="0" timestamp="2023-05-18T05:17:47 GMT-04:00" skipped="0">
  <testcase classname="users.AddNewUserHiring" name="VerifyMandatoryFields" time="309.446"/>
  <system-out/>
</testsuite> <!-- users.AddNewUserHiring -->
