<?xml version="1.0" encoding="UTF-8"?>
<!-- Generated by org.testng.reporters.JUnitReportReporter -->
<testsuite hostname="Amans-MacBook-Pro-2.local" failures="0" tests="1" name="timesheets.TG_4423_TimesheetDeny" time="768.849" errors="0" timestamp="2023-03-25T17:52:38 GMT-04:00" skipped="0">
  <testcase classname="timesheets.TG_4423_TimesheetDeny" name="Tag_EndToEndFlowNewOrderHiring" time="768.849"/>
  <system-out/>
</testsuite> <!-- timesheets.TG_4423_TimesheetDeny -->
