<?xml version="1.0" encoding="UTF-8"?>
<!-- Generated by org.testng.reporters.JUnitReportReporter -->
<testsuite hostname="Amans-MacBook-Pro-2.local" failures="0" tests="1" name="company.TG_3634_NewCompanyCreationHiring" time="93.199" errors="0" timestamp="2023-03-30T17:48:04 GMT-04:00" skipped="0">
  <testcase classname="company.TG_3634_NewCompanyCreationHiring" name="Tag_VerifyCompanyTypeAndCompanyNameAreAMandatoryFieldsHiring" time="93.199"/>
  <system-out/>
</testsuite> <!-- company.TG_3634_NewCompanyCreationHiring -->
