<?xml version="1.0" encoding="UTF-8"?>
<!-- Generated by org.testng.reporters.JUnitReportReporter -->
<testsuite hostname="Amans-SFIN899" failures="0" tests="1" name="jobTitle_jobSite.TG_4862_JobTitleCreation" time="51.047" errors="0" timestamp="2023-04-16T19:55:21 GMT-04:00" skipped="0">
  <testcase classname="jobTitle_jobSite.TG_4862_JobTitleCreation" name="VerifyUserRedirectToJobTitleForm" time="51.047"/>
  <system-out/>
</testsuite> <!-- jobTitle_jobSite.TG_4862_JobTitleCreation -->
