<?xml version="1.0" encoding="UTF-8"?>
<!-- Generated by org.testng.reporters.JUnitReportReporter -->
<testsuite hostname="Amans-MacBook-Pro-2.local" failures="0" tests="1" name="company.TG_4419_AssignEmployeeFromStaffing" time="532.257" errors="0" timestamp="2023-03-30T22:55:07 GMT-04:00" skipped="0">
  <testcase classname="company.TG_4419_AssignEmployeeFromStaffing" name="Tag_EndToEndFlowNewOrderHiring" time="532.257"/>
  <system-out/>
</testsuite> <!-- company.TG_4419_AssignEmployeeFromStaffing -->
