<?xml version="1.0" encoding="UTF-8"?>
<!-- Generated by org.testng.reporters.JUnitReportReporter -->
<testsuite hostname="Amans-MacBook-Pro-2.local" failures="0" tests="1" name="exclusiveJobOrder.TG_4476_VerifyExclusiveNewOrder" time="47.046" errors="0" timestamp="2023-03-25T17:53:40 GMT-04:00" skipped="0">
  <testcase classname="exclusiveJobOrder.TG_4476_VerifyExclusiveNewOrder" name="Tag_VerifySameJobOrderCreatedForParentStaffingCompany" time="47.046"/>
  <system-out/>
</testsuite> <!-- exclusiveJobOrder.TG_4476_VerifyExclusiveNewOrder -->
