<?xml version="1.0" encoding="UTF-8"?>
<!-- Generated by org.testng.reporters.JUnitReportReporter -->
<testsuite hostname="Amans-SFIN899" failures="0" tests="1" name="CRM.TG_5489_Hiring_Company_Creation_Via_TAG" time="218.887" errors="0" timestamp="2023-04-20T02:15:58 GMT-04:00" skipped="0">
  <testcase classname="CRM.TG_5489_Hiring_Company_Creation_Via_TAG" name="TG_5461_VerifyUserIsAbleToRouteToLeadFormSuccessfully" time="218.887"/>
  <system-out/>
</testsuite> <!-- CRM.TG_5489_Hiring_Company_Creation_Via_TAG -->
