<?xml version="1.0" encoding="UTF-8"?>
<!-- Generated by org.testng.reporters.JUnitReportReporter -->
<testsuite skipped="0" hostname="Amans-MacBook-Pro-2.local" name="jobOrder.TG_3859_NewOrderHiring" tests="2" failures="0" timestamp="2023-02-24T15:52:55 EST" time="30.913" errors="0">
  <testcase name="Tag_VerifyPopupForSaveWithoutMandatoryFields" time="5.580" classname="jobOrder.TG_3859_NewOrderHiring"/>
  <system-out/>
  <testcase name="Tag_VerifyFieldVisibleAndMandetory" time="25.333" classname="jobOrder.TG_3859_NewOrderHiring"/>
  <system-out/>
</testsuite> <!-- jobOrder.TG_3859_NewOrderHiring -->
