<?xml version="1.0" encoding="UTF-8"?>
<!-- Generated by org.testng.reporters.JUnitReportReporter -->
<testsuite skipped="0" hostname="Amans-MacBook-Pro-2.local" name="jobOrder.TG_3854_StartDateTimeField" tests="5" failures="0" timestamp="2023-02-24T15:52:06 EST" time="73.081" errors="0">
  <testcase name="Tag_VerifyStartTimeFieldShouldVisible" time="3.615" classname="jobOrder.TG_3854_StartDateTimeField"/>
  <system-out/>
  <testcase name="Tag_VerifyJobSiteFieldShouldVisible" time="3.834" classname="jobOrder.TG_3854_StartDateTimeField"/>
  <system-out/>
  <testcase name="Tag_VerifyStartTimeFieldNotAcceptPastTime" time="13.076" classname="jobOrder.TG_3854_StartDateTimeField"/>
  <system-out/>
  <testcase name="Tag_VerifyStartDateFieldVisibleAndNotAcceptPastDate" time="38.671" classname="jobOrder.TG_3854_StartDateTimeField"/>
  <system-out/>
  <testcase name="Tag_VerifyEndDateFieldVisibleAndNotAcceptPastDate" time="13.885" classname="jobOrder.TG_3854_StartDateTimeField"/>
  <system-out/>
</testsuite> <!-- jobOrder.TG_3854_StartDateTimeField -->
