<?xml version="1.0" encoding="UTF-8"?>
<!-- Generated by org.testng.reporters.JUnitReportReporter -->
<testsuite skipped="0" hostname="Amans-MacBook-Pro-2.local" name="jobOrder.TG_3861_OtherFieldHiring" tests="3" failures="0" timestamp="2023-02-24T15:53:45 EST" time="32.366" errors="0">
  <testcase name="Tag_VerifyNoOfWorkersField" time="24.590" classname="jobOrder.TG_3861_OtherFieldHiring"/>
  <system-out/>
  <testcase name="Tag_VerifyESignatureFieldShould" time="3.805" classname="jobOrder.TG_3861_OtherFieldHiring"/>
  <system-out/>
  <testcase name="Tag_VerifyAgreeContractFieldshouldcheckboxAndMandatory" time="3.971" classname="jobOrder.TG_3861_OtherFieldHiring"/>
  <system-out/>
</testsuite> <!-- jobOrder.TG_3861_OtherFieldHiring -->
