<?xml version="1.0" encoding="UTF-8"?>
<!-- Generated by org.testng.reporters.JUnitReportReporter -->
<testsuite hostname="Amans-MacBook-Pro-2.local" failures="0" tests="1" name="jobOrderStaffing.TG_3848_NewOrderStaffing" time="214.207" errors="0" timestamp="2023-03-20T19:35:19 GMT-04:00" skipped="0">
  <testcase classname="jobOrderStaffing.TG_3848_NewOrderStaffing" name="Tag_VerifyJobOrdersFieldShouldVisibleOnHomepageOfStaffingUnderShortcuts" time="214.207"/>
  <system-out/>
</testsuite> <!-- jobOrderStaffing.TG_3848_NewOrderStaffing -->
