<?xml version="1.0" encoding="UTF-8"?>
<!-- Generated by org.testng.reporters.JUnitReportReporter -->
<testsuite skipped="0" hostname="Amans-MacBook-Pro-2.local" name="exclusiveJobOrder.TG_3847_ExclusiveNewOrder" tests="18" failures="0" timestamp="2023-02-24T15:39:10 EST" time="214.144" errors="0">
  <testcase name="Tag_VerifyClickingCancelNothingShouldSave" time="2.070" classname="exclusiveJobOrder.TG_3847_ExclusiveNewOrder"/>
  <system-out/>
  <testcase name="Tag_VerifyStartTimeFieldShouldVisible" time="2.128" classname="exclusiveJobOrder.TG_3847_ExclusiveNewOrder"/>
  <system-out/>
  <testcase name="Tag_VerifyJobSiteFieldShouldVisible" time="2.104" classname="exclusiveJobOrder.TG_3847_ExclusiveNewOrder"/>
  <system-out/>
  <testcase name="Tag_VerifyConfirmationPopupShouldHaveSaveAndCancelButtons" time="2.106" classname="exclusiveJobOrder.TG_3847_ExclusiveNewOrder"/>
  <system-out/>
  <testcase name="Tag_VerifyAvailabilityFieldShouldDropdownField" time="2.374" classname="exclusiveJobOrder.TG_3847_ExclusiveNewOrder"/>
  <system-out/>
  <testcase name="Tag_VerifyStartDateFieldShouldVisible" time="2.123" classname="exclusiveJobOrder.TG_3847_ExclusiveNewOrder"/>
  <system-out/>
  <testcase name="Tag_VerifyClickingOnSaveButtonPopupShouldCreateJobOrderSuccessfullyAndJobOrderIdShouldCreated" time="71.658" classname="exclusiveJobOrder.TG_3847_ExclusiveNewOrder"/>
  <system-out/>
  <testcase name="Tag_VerifyCompanyFieldShouldVisible" time="0.192" classname="exclusiveJobOrder.TG_3847_ExclusiveNewOrder"/>
  <system-out/>
  <testcase name="Tag_VerifyEstimatedDailyHoursFieldShouldVisible" time="2.167" classname="exclusiveJobOrder.TG_3847_ExclusiveNewOrder"/>
  <system-out/>
  <testcase name="Tag_VerifyAgreeToContractFieldCheckboxShouldVisible" time="0.382" classname="exclusiveJobOrder.TG_3847_ExclusiveNewOrder"/>
  <system-out/>
  <testcase name="Tag_VerifyCategoryFieldShouldVisible" time="37.540" classname="exclusiveJobOrder.TG_3847_ExclusiveNewOrder"/>
  <system-out/>
  <testcase name="Tag_VerifyNoOfWorkersFieldShouldVisible" time="0.486" classname="exclusiveJobOrder.TG_3847_ExclusiveNewOrder"/>
  <system-out/>
  <testcase name="Tag_VerifyNewOrderbuttonOnHomepage" time="19.611" classname="exclusiveJobOrder.TG_3847_ExclusiveNewOrder"/>
  <system-out/>
  <testcase name="Tag_VerifyPopupForConfirmJobOrderDetails" time="42.040" classname="exclusiveJobOrder.TG_3847_ExclusiveNewOrder"/>
  <system-out/>
  <testcase name="Tag_VerifyEstimateDailyHoursFieldShouldNotAcceptHoursMoreThan24" time="10.296" classname="exclusiveJobOrder.TG_3847_ExclusiveNewOrder"/>
  <system-out/>
  <testcase name="Tag_VerifyPopupIfClickOnSaveWithoutEnteringMandatoryFields" time="14.691" classname="exclusiveJobOrder.TG_3847_ExclusiveNewOrder"/>
  <system-out/>
  <testcase name="Tag_VerifyPopupEmailSentSucessfully" time="0.087" classname="exclusiveJobOrder.TG_3847_ExclusiveNewOrder"/>
  <system-out/>
  <testcase name="Tag_VerifyEndDateFieldShouldVisible" time="2.089" classname="exclusiveJobOrder.TG_3847_ExclusiveNewOrder"/>
  <system-out/>
</testsuite> <!-- exclusiveJobOrder.TG_3847_ExclusiveNewOrder -->
