<?xml version="1.0" encoding="UTF-8"?>
<!-- Generated by org.testng.reporters.JUnitReportReporter -->
<testsuite hostname="Amans-MacBook-Pro-2.local" failures="0" tests="1" name="CRM.TG_5748_Exclusive_Hiring_Company_Creation_Via_Staffing" time="181.591" errors="0" timestamp="2023-03-28T22:50:56 GMT-04:00" skipped="0">
  <testcase classname="CRM.TG_5748_Exclusive_Hiring_Company_Creation_Via_Staffing" name="TG_5461_VerifyUserIsAbleToRouteToLeadFormSuccessfully" time="181.591"/>
  <system-out/>
</testsuite> <!-- CRM.TG_5748_Exclusive_Hiring_Company_Creation_Via_Staffing -->
