<?xml version="1.0" encoding="UTF-8"?>
<!-- Generated by org.testng.reporters.JUnitReportReporter -->
<testsuite hostname="Amans-MacBook-Pro-2.local" failures="0" tests="1" name="jobOrder.TG_3864_SaveOrder" time="135.182" errors="0" timestamp="2023-03-25T20:49:41 GMT-04:00" skipped="0">
  <testcase classname="jobOrder.TG_3864_SaveOrder" name="Tag_VerifyConfirmJobOrderDetails" time="135.182"/>
  <system-out/>
</testsuite> <!-- jobOrder.TG_3864_SaveOrder -->
