<?xml version="1.0" encoding="UTF-8"?>
<!-- Generated by org.testng.reporters.JUnitReportReporter -->
<testsuite skipped="0" hostname="Amans-MacBook-Pro-2.local" name="company.TG_4418_EmployeeOnboardingTemplate" tests="14" failures="0" timestamp="2023-02-24T15:46:09 EST" time="91.037" errors="0">
  <testcase name="TG_4030_ClickingAddRowButton" time="0.845" classname="company.TG_4418_EmployeeOnboardingTemplate"/>
  <system-out/>
  <testcase name="TG_4035_EnterDocument" time="2.563" classname="company.TG_4418_EmployeeOnboardingTemplate"/>
  <system-out/>
  <testcase name="TG_4034_VerifyDocumentRequiredVisibleAndCheck" time="8.261" classname="company.TG_4418_EmployeeOnboardingTemplate"/>
  <system-out/>
  <testcase name="TG_4037_ClickSaveButton" time="4.245" classname="company.TG_4418_EmployeeOnboardingTemplate"/>
  <system-out/>
  <testcase name="closeSession" time="0.004" classname="company.TG_4418_EmployeeOnboardingTemplate"/>
  <system-out/>
  <testcase name="TG_4038_VerifyEntryOnEmployeeOnboardingTemplate" time="10.300" classname="company.TG_4418_EmployeeOnboardingTemplate"/>
  <system-out/>
  <testcase name="TG_4032_VerifyActivityNameVisibleAndMandatory" time="5.006" classname="company.TG_4418_EmployeeOnboardingTemplate"/>
  <system-out/>
  <testcase name="TG_4031_ClickingEditButtonVerifyNewModal" time="3.074" classname="company.TG_4418_EmployeeOnboardingTemplate"/>
  <system-out/>
  <testcase name="TG_4028_ClickingAddEmployeeOnboardingTemplateNavigateToNewEmployeeOnboardingTemplateForm" time="3.918" classname="company.TG_4418_EmployeeOnboardingTemplate"/>
  <system-out/>
  <testcase name="TG_4027_ClickingSetupUnderATSOption" time="27.409" classname="company.TG_4418_EmployeeOnboardingTemplate"/>
  <system-out/>
  <testcase name="TG_4033_VerifyUserFeild" time="10.372" classname="company.TG_4418_EmployeeOnboardingTemplate"/>
  <system-out/>
  <testcase name="loader" time="0.021" classname="company.TG_4418_EmployeeOnboardingTemplate"/>
  <system-out/>
  <testcase name="TG_4036_PdfAttached" time="12.729" classname="company.TG_4418_EmployeeOnboardingTemplate"/>
  <system-out/>
  <testcase name="TG_4029_VerifyCompanyFieldMandatoryAndAutoPopulate" time="2.290" classname="company.TG_4418_EmployeeOnboardingTemplate"/>
  <system-out/>
</testsuite> <!-- company.TG_4418_EmployeeOnboardingTemplate -->
