<?xml version="1.0" encoding="UTF-8"?>
<!-- Generated by org.testng.reporters.JUnitReportReporter -->
<testsuite hostname="Amans-SFIN899" failures="0" tests="1" name="timesheets.TG_4301_Timesheet_Approval" time="756.186" errors="0" timestamp="2023-04-26T16:57:42 GMT-04:00" skipped="0">
  <testcase classname="timesheets.TG_4301_Timesheet_Approval" name="Tag_EndToEndFlowNewOrderHiring" time="756.186"/>
  <system-out/>
</testsuite> <!-- timesheets.TG_4301_Timesheet_Approval -->
