<?xml version="1.0" encoding="UTF-8"?>
<!-- Generated by org.testng.reporters.JUnitReportReporter -->
<testsuite hostname="Amans-SFIN899" failures="0" tests="1" name="jobOrder.TG_3651_VerifyFieldNewHiringOrder" time="38.468" errors="0" timestamp="2023-04-26T20:09:55 GMT-04:00" skipped="0">
  <testcase classname="jobOrder.TG_3651_VerifyFieldNewHiringOrder" name="Tag_VerifyAvailabilityFieldShouldBeDropdownField" time="38.468"/>
  <system-out/>
</testsuite> <!-- jobOrder.TG_3651_VerifyFieldNewHiringOrder -->
