<?xml version="1.0" encoding="UTF-8"?>
<!-- Generated by org.testng.reporters.JUnitReportReporter -->
<testsuite hostname="Amans-SFIN899" failures="0" tests="1" name="jobTitle_jobSite.TG_4863_JobSiteCreation" time="83.783" errors="0" timestamp="2023-04-16T19:57:14 GMT-04:00" skipped="0">
  <testcase classname="jobTitle_jobSite.TG_4863_JobSiteCreation" name="TG_4863_VerifyUserRedirectToJobSiteForm" time="83.783"/>
  <system-out/>
</testsuite> <!-- jobTitle_jobSite.TG_4863_JobSiteCreation -->
