<?xml version="1.0" encoding="UTF-8"?>
<!-- Generated by org.testng.reporters.JUnitReportReporter -->
<testsuite skipped="0" hostname="Amans-MacBook-Pro-2.local" name="favoriteCompany.TG_4778_FavoriteStaffingCompany" tests="6" failures="0" timestamp="2023-02-26T19:50:35 EST" time="53.869" errors="0">
  <testcase name="clickStaffingCompanies" time="15.193" classname="favoriteCompany.TG_4778_FavoriteStaffingCompany"/>
  <system-out/>
  <testcase name="verifyStaffingCompaniesList" time="4.106" classname="favoriteCompany.TG_4778_FavoriteStaffingCompany"/>
  <system-out/>
  <testcase name="verifyRemoveFromFavorites" time="8.460" classname="favoriteCompany.TG_4778_FavoriteStaffingCompany"/>
  <system-out/>
  <testcase name="clickHeartIcon" time="11.895" classname="favoriteCompany.TG_4778_FavoriteStaffingCompany"/>
  <system-out/>
  <testcase name="verifyFavPopUp" time="8.620" classname="favoriteCompany.TG_4778_FavoriteStaffingCompany"/>
  <system-out/>
  <testcase name="LoginHiring" time="5.595" classname="favoriteCompany.TG_4778_FavoriteStaffingCompany"/>
  <system-out/>
</testsuite> <!-- favoriteCompany.TG_4778_FavoriteStaffingCompany -->
