<?xml version="1.0" encoding="UTF-8"?>
<!-- Generated by org.testng.reporters.JUnitReportReporter -->
<testsuite hostname="Amans-SFIN899" failures="0" tests="1" name="directOrder.TG_5802_DirectOrderPartialClaim" time="287.307" errors="0" timestamp="2023-04-11T02:07:29 GMT-04:00" skipped="0">
  <testcase classname="directOrder.TG_5802_DirectOrderPartialClaim" name="VerifyUserRedirectToNewOrderFormViaDirectOrder" time="287.307"/>
  <system-out/>
</testsuite> <!-- directOrder.TG_5802_DirectOrderPartialClaim -->
