<?xml version="1.0" encoding="UTF-8"?>
<!-- Generated by org.testng.reporters.JUnitReportReporter -->
<testsuite hostname="Amans-MacBook-Pro-2.local" failures="0" tests="7" name="company.TG_4325_ApproveClaimFromHiring" time="341.244" errors="0" timestamp="2023-03-17T02:16:45 GMT-04:00" skipped="0">
  <testcase classname="company.TG_4325_ApproveClaimFromHiring" name="Tag_EndToEndFlowClaimFromStaffing" time="117.224"/>
  <system-out/>
  <testcase classname="company.TG_4325_ApproveClaimFromHiring" name="TG_3934_3935_HiringRoleClicksOnTheClaimsNavigatedtoClaimOrderFormAndSelectHeadCountButton" time="3.625"/>
  <system-out/>
  <testcase classname="company.TG_4325_ApproveClaimFromHiring" name="TG_3937_3938_ApproveCountShouldNotBeGreaterThanWorkersCountAndErrorMessage" time="2.822"/>
  <system-out/>
  <testcase classname="company.TG_4325_ApproveClaimFromHiring" name="Tag_EndToEndFlowNewOrderHiring" time="98.250"/>
  <system-out/>
  <testcase classname="company.TG_4325_ApproveClaimFromHiring" name="TG_3932_3933_HiringOpensSubmittedClaimAndVerifiedMessage" time="36.997"/>
  <system-out/>
  <testcase classname="company.TG_4325_ApproveClaimFromHiring" name="TG_3936_ClickingSelectHeadCountModalSelectHeadCountOpen" time="5.110"/>
  <system-out/>
  <testcase classname="company.TG_4325_ApproveClaimFromHiring" name="TG_3939_VerifyEmailSentSuccessfulWhenApproveCountIsLessOrEqual" time="77.216"/>
  <system-out/>
</testsuite> <!-- company.TG_4325_ApproveClaimFromHiring -->
