<?xml version="1.0" encoding="UTF-8"?>
<!-- Generated by org.testng.reporters.JUnitReportReporter -->
<testsuite skipped="0" hostname="Amans-MacBook-Pro.local" name="directOrder.TG_5802_DirectOrderParialClaim" tests="5" failures="0" timestamp="2023-02-11T18:14:35 EST" time="285.713" errors="0">
  <testcase name="TG_5786_Partial_Claim" time="95.925" classname="directOrder.TG_5802_DirectOrderParialClaim"/>
  <system-out/>
  <testcase name="VerifyUserRedirectToNewOrderFormViaDirectOrder" time="41.454" classname="directOrder.TG_5802_DirectOrderParialClaim"/>
  <system-out/>
  <testcase name="Tag_VerifyJobOrderIdAndPopupEmailSentSuccessfully" time="40.801" classname="directOrder.TG_5802_DirectOrderParialClaim"/>
  <system-out/>
  <testcase name="Tag_VerifyConfirmJobOrderDetails" time="43.788" classname="directOrder.TG_5802_DirectOrderParialClaim"/>
  <system-out/>
  <testcase name="TG_3869_VerifyUserclicksJobOrderItNavigatestoJobOrderForm" time="63.745" classname="directOrder.TG_5802_DirectOrderParialClaim"/>
  <system-out/>
</testsuite> <!-- directOrder.TG_5802_DirectOrderParialClaim -->
