<?xml version="1.0" encoding="UTF-8"?>
<!-- Generated by org.testng.reporters.JUnitReportReporter -->
<testsuite hostname="Amans-SFIN899" failures="0" tests="1" name="jobOrder.TG_6129_RepeatOpenOrder" time="340.536" errors="0" timestamp="2023-05-18T05:54:11 GMT-04:00" skipped="0">
  <testcase classname="jobOrder.TG_6129_RepeatOpenOrder" name="TG_6129_VerifyRepeatOpenOrderCreatedSuccessfully" time="340.536"/>
  <system-out/>
</testsuite> <!-- jobOrder.TG_6129_RepeatOpenOrder -->
