<?xml version="1.0" encoding="UTF-8"?>
<!-- Generated by org.testng.reporters.JUnitReportReporter -->
<testsuite hostname="Amans-SFIN899" failures="0" tests="1" name="users.AddNewUserTAG" time="162.326" errors="0" timestamp="2023-04-12T21:57:50 GMT-04:00" skipped="0">
  <testcase classname="users.AddNewUserTAG" name="VerifyMandatoryFields" time="162.326"/>
  <system-out/>
</testsuite> <!-- users.AddNewUserTAG -->
