<?xml version="1.0" encoding="UTF-8"?>
<!-- Generated by org.testng.reporters.JUnitReportReporter -->
<testsuite hostname="Amans-MacBook-Pro-2.local" failures="0" tests="1" name="CRM.TG_5353_Contact_Creation" time="63.771" errors="0" timestamp="2023-03-31T01:17:36 GMT-04:00" skipped="0">
  <testcase classname="CRM.TG_5353_Contact_Creation" name="TG_5322_VerifyContactCreationForm" time="63.771"/>
  <system-out/>
</testsuite> <!-- CRM.TG_5353_Contact_Creation -->
