<?xml version="1.0" encoding="UTF-8"?>
<!-- Generated by org.testng.reporters.JUnitReportReporter -->
<testsuite hostname="Amans-SFIN899" failures="0" tests="1" name="company.TG_3634_NewCompanyCreationFromStaffing" time="95.970" errors="0" timestamp="2023-04-12T21:21:02 GMT-04:00" skipped="0">
  <testcase classname="company.TG_3634_NewCompanyCreationFromStaffing" name="Tag_VerifyCompanyTypeAndCompanyNameAreAMandatoryFieldsStaffing" time="95.970"/>
  <system-out/>
</testsuite> <!-- company.TG_3634_NewCompanyCreationFromStaffing -->
