<?xml version="1.0" encoding="UTF-8"?>
<!-- Generated by org.testng.reporters.JUnitReportReporter -->
<testsuite skipped="0" hostname="Amans-MacBook-Pro-2.local" name="jobOrder.TG_3847_VerifyFieldNewOrder" tests="5" failures="0" timestamp="2023-02-24T15:50:36 EST" time="48.508" errors="0">
  <testcase name="Tag_VerifyNewOrderbuttonOnHomepage" time="24.017" classname="jobOrder.TG_3847_VerifyFieldNewOrder"/>
  <system-out/>
  <testcase name="Tag_VerifyEstimatedDailyHoursfieldVisible" time="5.709" classname="jobOrder.TG_3847_VerifyFieldNewOrder"/>
  <system-out/>
  <testcase name="Tag_VerifyEstimatedDailyHoursFieldNotAcceptHoursMoreThan24" time="6.088" classname="jobOrder.TG_3847_VerifyFieldNewOrder"/>
  <system-out/>
  <testcase name="Tag_VerifyCategoryFieldVisibleAndJobTitleFieldVisible" time="9.601" classname="jobOrder.TG_3847_VerifyFieldNewOrder"/>
  <system-out/>
  <testcase name="Tag_VerifyCompanyFieldVisible" time="3.093" classname="jobOrder.TG_3847_VerifyFieldNewOrder"/>
  <system-out/>
</testsuite> <!-- jobOrder.TG_3847_VerifyFieldNewOrder -->
