<?xml version="1.0" encoding="UTF-8"?>
<!-- Generated by org.testng.reporters.JUnitReportReporter -->
<testsuite skipped="0" hostname="Amans-MBP.fc.ca" name="directOrder.DirectOrderDeny" tests="3" failures="0" timestamp="2023-01-31T18:57:23 EST" time="134.354" errors="0">
  <testcase name="Tag_EndToEndFlowNewOrderHiring" time="83.740" classname="directOrder.DirectOrderDeny"/>
  <system-out/>
  <testcase name="TG_3869_VerifyUserclicksJobOrderItNavigatestoJobOrderForm" time="17.767" classname="directOrder.DirectOrderDeny"/>
  <system-out/>
  <testcase name="VerifyUserRedirectToNewOrderFormViaDirectOrder" time="32.847" classname="directOrder.DirectOrderDeny"/>
  <system-out/>
</testsuite> <!-- directOrder.DirectOrderDeny -->
