<?xml version="1.0" encoding="UTF-8"?>
<!-- Generated by org.testng.reporters.JUnitReportReporter -->
<testsuite hostname="Amans-MacBook-Pro-2.local" failures="0" tests="1" name="employees.TG_3963_AddNewEmployee" time="152.315" errors="0" timestamp="2023-03-20T19:20:55 GMT-04:00" skipped="0">
  <testcase classname="employees.TG_3963_AddNewEmployee" name="VerifyCreateNewEmployee" time="152.315"/>
  <system-out/>
</testsuite> <!-- employees.TG_3963_AddNewEmployee -->
