<?xml version="1.0" encoding="UTF-8"?>
<!-- Generated by org.testng.reporters.JUnitReportReporter -->
<testsuite hostname="Amans-SFIN899" failures="0" tests="1" name="users.AddNewUserStaffing" time="160.785" errors="0" timestamp="2023-04-16T20:08:56 GMT-04:00" skipped="0">
  <testcase classname="users.AddNewUserStaffing" name="VerifyMandatoryFields" time="160.785"/>
  <system-out/>
</testsuite> <!-- users.AddNewUserStaffing -->
