<?xml version="1.0" encoding="UTF-8"?>
<!-- Generated by org.testng.reporters.JUnitReportReporter -->
<testsuite hostname="Amans-MacBook-Pro-2.local" failures="0" tests="1" name="blockCompany.TG_4779_Block_Company" time="53.860" errors="0" timestamp="2023-03-22T01:12:12 GMT-04:00" skipped="0">
  <testcase classname="blockCompany.TG_4779_Block_Company" name="LoginHiring" time="53.860"/>
  <system-out/>
</testsuite> <!-- blockCompany.TG_4779_Block_Company -->
